# JRE version: Java(TM) SE Runtime Environment (17.0+35) (build 17+35-LTS-2724)
# Java VM: Java HotSpot(TM) 64-Bit Server VM (17+35-LTS-2724, mixed mode, sharing, tiered, compressed oops, compressed class ptrs, g1 gc, windows-amd64)
GC Precious Log:
 CPUs: 4 total, 4 available
 Memory: 8067M
 Large Page Support: Disabled
 NUMA Support: Disabled
 Compressed Oops: Enabled (Zero based)
 Heap Region Size: 4M
 Heap Min Capacity: 8M
 Heap Initial Capacity: 128M
 Heap Max Capacity: 4608M
 Pre-touch: Disabled
 Parallel Workers: 4
 Concurrent Workers: 1
 Concurrent Refinement Workers: 4
 Periodic GC: Disabled
Heap:
 garbage-first heap   total 245760K, used 155245K [0x00000006e0000000, 0x0000000800000000)
  region size 4096K, 2 young (8192K), 2 survivors (8192K)
 Metaspace       used 97019K, committed 98112K, reserved 512000K
  class space    used 13627K, committed 14144K, reserved 421888K
GC Heap History (20 events):
Event: 136.745 GC heap after
{Heap after GC invocations=41 (full 0):
 garbage-first heap   total 184320K, used 98731K [0x00000006e0000000, 0x0000000800000000)
  region size 4096K, 2 young (8192K), 2 survivors (8192K)
 Metaspace       used 87555K, committed 88384K, reserved 503808K
  class space    used 12393K, committed 12800K, reserved 421888K
}
Event: 143.716 GC heap before
{Heap before GC invocations=42 (full 0):
 garbage-first heap   total 184320K, used 147883K [0x00000006e0000000, 0x0000000800000000)
  region size 4096K, 14 young (57344K), 2 survivors (8192K)
 Metaspace       used 90853K, committed 91648K, reserved 503808K
  class space    used 12883K, committed 13248K, reserved 421888K
}
Event: 143.736 GC heap after
{Heap after GC invocations=43 (full 0):
 garbage-first heap   total 184320K, used 100994K [0x00000006e0000000, 0x0000000800000000)
  region size 4096K, 1 young (4096K), 1 survivors (4096K)
 Metaspace       used 90853K, committed 91648K, reserved 503808K
  class space    used 12883K, committed 13248K, reserved 421888K
}
Event: 149.232 GC heap before
{Heap before GC invocations=43 (full 0):
 garbage-first heap   total 184320K, used 150146K [0x00000006e0000000, 0x0000000800000000)
  region size 4096K, 13 young (53248K), 1 survivors (4096K)
 Metaspace       used 92467K, committed 93376K, reserved 503808K
  class space    used 13075K, committed 13504K, reserved 421888K
}
Event: 149.264 GC heap after
{Heap after GC invocations=44 (full 0):
 garbage-first heap   total 184320K, used 107184K [0x00000006e0000000, 0x0000000800000000)
  region size 4096K, 2 young (8192K), 2 survivors (8192K)
 Metaspace       used 92467K, committed 93376K, reserved 503808K
  class space    used 13075K, committed 13504K, reserved 421888K
}
Event: 154.150 GC heap before
{Heap before GC invocations=45 (full 0):
 garbage-first heap   total 192512K, used 144048K [0x00000006e0000000, 0x0000000800000000)
  region size 4096K, 12 young (49152K), 2 survivors (8192K)
 Metaspace       used 94733K, committed 95616K, reserved 503808K
  class space    used 13330K, committed 13760K, reserved 421888K
}
Event: 154.190 GC heap after
{Heap after GC invocations=46 (full 0):
 garbage-first heap   total 192512K, used 116758K [0x00000006e0000000, 0x0000000800000000)
  region size 4096K, 2 young (8192K), 2 survivors (8192K)
 Metaspace       used 94733K, committed 95616K, reserved 503808K
  class space    used 13330K, committed 13760K, reserved 421888K
}
Event: 160.231 GC heap before
{Heap before GC invocations=46 (full 0):
 garbage-first heap   total 192512K, used 149526K [0x00000006e0000000, 0x0000000800000000)
  region size 4096K, 11 young (45056K), 2 survivors (8192K)
 Metaspace       used 95689K, committed 96640K, reserved 512000K
  class space    used 13488K, committed 13952K, reserved 421888K
}
Event: 160.256 GC heap after
{Heap after GC invocations=47 (full 0):
 garbage-first heap   total 192512K, used 122411K [0x00000006e0000000, 0x0000000800000000)
  region size 4096K, 2 young (8192K), 2 survivors (8192K)
 Metaspace       used 95689K, committed 96640K, reserved 512000K
  class space    used 13488K, committed 13952K, reserved 421888K
}
Event: 163.946 GC heap before
{Heap before GC invocations=48 (full 0):
 garbage-first heap   total 225280K, used 151083K [0x00000006e0000000, 0x0000000800000000)
  region size 4096K, 9 young (36864K), 2 survivors (8192K)
 Metaspace       used 95903K, committed 96832K, reserved 512000K
  class space    used 13498K, committed 13952K, reserved 421888K
}
Event: 163.976 GC heap after
{Heap after GC invocations=49 (full 0):
 garbage-first heap   total 225280K, used 128597K [0x00000006e0000000, 0x0000000800000000)
  region size 4096K, 2 young (8192K), 2 survivors (8192K)
 Metaspace       used 95903K, committed 96832K, reserved 512000K
  class space    used 13498K, committed 13952K, reserved 421888K
}
Event: 164.084 GC heap before
{Heap before GC invocations=49 (full 0):
 garbage-first heap   total 225280K, used 132693K [0x00000006e0000000, 0x0000000800000000)
  region size 4096K, 3 young (12288K), 2 survivors (8192K)
 Metaspace       used 95920K, committed 96832K, reserved 512000K
  class space    used 13498K, committed 13952K, reserved 421888K
}
Event: 164.123 GC heap after
{Heap after GC invocations=50 (full 0):
 garbage-first heap   total 225280K, used 127851K [0x00000006e0000000, 0x0000000800000000)
  region size 4096K, 1 young (4096K), 1 survivors (4096K)
 Metaspace       used 95920K, committed 96832K, reserved 512000K
  class space    used 13498K, committed 13952K, reserved 421888K
}
Event: 170.008 GC heap before
{Heap before GC invocations=50 (full 0):
 garbage-first heap   total 225280K, used 164715K [0x00000006e0000000, 0x0000000800000000)
  region size 4096K, 11 young (45056K), 1 survivors (4096K)
 Metaspace       used 96529K, committed 97536K, reserved 512000K
  class space    used 13582K, committed 14080K, reserved 421888K
}
Event: 170.030 GC heap after
{Heap after GC invocations=51 (full 0):
 garbage-first heap   total 225280K, used 138906K [0x00000006e0000000, 0x0000000800000000)
  region size 4096K, 2 young (8192K), 2 survivors (8192K)
 Metaspace       used 96529K, committed 97536K, reserved 512000K
  class space    used 13582K, committed 14080K, reserved 421888K
}
Event: 173.555 GC heap before
{Heap before GC invocations=52 (full 0):
 garbage-first heap   total 245760K, used 167578K [0x00000006e0000000, 0x0000000800000000)
  region size 4096K, 10 young (40960K), 2 survivors (8192K)
 Metaspace       used 96690K, committed 97664K, reserved 512000K
  class space    used 13594K, committed 14080K, reserved 421888K
}
Event: 173.585 GC heap after
{Heap after GC invocations=53 (full 0):
 garbage-first heap   total 245760K, used 148573K [0x00000006e0000000, 0x0000000800000000)
  region size 4096K, 2 young (8192K), 2 survivors (8192K)
 Metaspace       used 96690K, committed 97664K, reserved 512000K
  class space    used 13594K, committed 14080K, reserved 421888K
}
Event: 173.589 GC heap before
{Heap before GC invocations=53 (full 0):
 garbage-first heap   total 245760K, used 148573K [0x00000006e0000000, 0x0000000800000000)
  region size 4096K, 3 young (12288K), 2 survivors (8192K)
 Metaspace       used 96690K, committed 97664K, reserved 512000K
  class space    used 13594K, committed 14080K, reserved 421888K
}
Event: 173.615 GC heap after
{Heap after GC invocations=54 (full 0):
 garbage-first heap   total 245760K, used 146684K [0x00000006e0000000, 0x0000000800000000)
  region size 4096K, 1 young (4096K), 1 survivors (4096K)
 Metaspace       used 96690K, committed 97664K, reserved 512000K
  class space    used 13594K, committed 14080K, reserved 421888K
}
Event: 178.515 GC heap before
{Heap before GC invocations=54 (full 0):
 garbage-first heap   total 245760K, used 179452K [0x00000006e0000000, 0x0000000800000000)
  region size 4096K, 10 young (40960K), 1 survivors (4096K)
 Metaspace       used 97019K, committed 98112K, reserved 512000K
  class space    used 13627K, committed 14144K, reserved 421888K
}

