# JRE version: Java(TM) SE Runtime Environment (17.0+35) (build 17+35-LTS-2724)
# Java VM: Java HotSpot(TM) 64-Bit Server VM (17+35-LTS-2724, mixed mode, sharing, tiered, compressed oops, compressed class ptrs, g1 gc, windows-amd64)
GC Precious Log:
 CPUs: 4 total, 4 available
 Memory: 8067M
 Large Page Support: Disabled
 NUMA Support: Disabled
 Compressed Oops: Enabled (Zero based)
 Heap Region Size: 4M
 Heap Min Capacity: 8M
 Heap Initial Capacity: 128M
 Heap Max Capacity: 4608M
 Pre-touch: Disabled
 Parallel Workers: 4
 Concurrent Workers: 1
 Concurrent Refinement Workers: 4
 Periodic GC: Disabled
Heap:
 garbage-first heap   total 507904K, used 386583K [0x00000006e0000000, 0x0000000800000000)
  region size 4096K, 2 young (8192K), 2 survivors (8192K)
 Metaspace       used 126831K, committed 128320K, reserved 536576K
  class space    used 17297K, committed 17984K, reserved 421888K
GC Heap History (20 events):
Event: 140.606 GC heap after
{Heap after GC invocations=50 (full 0):
 garbage-first heap   total 507904K, used 180766K [0x00000006e0000000, 0x0000000800000000)
  region size 4096K, 8 young (32768K), 8 survivors (32768K)
 Metaspace       used 105067K, committed 106304K, reserved 520192K
  class space    used 14668K, committed 15232K, reserved 421888K
}
Event: 140.915 GC heap before
{Heap before GC invocations=50 (full 0):
 garbage-first heap   total 507904K, used 184862K [0x00000006e0000000, 0x0000000800000000)
  region size 4096K, 9 young (36864K), 8 survivors (32768K)
 Metaspace       used 105192K, committed 106496K, reserved 520192K
  class space    used 14683K, committed 15296K, reserved 421888K
}
Event: 141.000 GC heap after
{Heap after GC invocations=51 (full 0):
 garbage-first heap   total 507904K, used 183513K [0x00000006e0000000, 0x0000000800000000)
  region size 4096K, 1 young (4096K), 1 survivors (4096K)
 Metaspace       used 105192K, committed 106496K, reserved 520192K
  class space    used 14683K, committed 15296K, reserved 421888K
}
Event: 148.106 GC heap before
{Heap before GC invocations=51 (full 0):
 garbage-first heap   total 507904K, used 367833K [0x00000006e0000000, 0x0000000800000000)
  region size 4096K, 47 young (192512K), 1 survivors (4096K)
 Metaspace       used 105639K, committed 106944K, reserved 520192K
  class space    used 14743K, committed 15360K, reserved 421888K
}
Event: 148.136 GC heap after
{Heap after GC invocations=52 (full 0):
 garbage-first heap   total 507904K, used 190234K [0x00000006e0000000, 0x0000000800000000)
  region size 4096K, 3 young (12288K), 3 survivors (12288K)
 Metaspace       used 105639K, committed 106944K, reserved 520192K
  class space    used 14743K, committed 15360K, reserved 421888K
}
Event: 165.912 GC heap before
{Heap before GC invocations=52 (full 0):
 garbage-first heap   total 507904K, used 382746K [0x00000006e0000000, 0x0000000800000000)
  region size 4096K, 51 young (208896K), 3 survivors (12288K)
 Metaspace       used 110552K, committed 111872K, reserved 520192K
  class space    used 15243K, committed 15872K, reserved 421888K
}
Event: 166.037 GC heap after
{Heap after GC invocations=53 (full 0):
 garbage-first heap   total 507904K, used 237304K [0x00000006e0000000, 0x0000000800000000)
  region size 4096K, 7 young (28672K), 7 survivors (28672K)
 Metaspace       used 110552K, committed 111872K, reserved 520192K
  class space    used 15243K, committed 15872K, reserved 421888K
}
Event: 172.409 GC heap before
{Heap before GC invocations=53 (full 0):
 garbage-first heap   total 507904K, used 380664K [0x00000006e0000000, 0x0000000800000000)
  region size 4096K, 40 young (163840K), 7 survivors (28672K)
 Metaspace       used 114425K, committed 115776K, reserved 528384K
  class space    used 15557K, committed 16192K, reserved 421888K
}
Event: 172.520 GC heap after
{Heap after GC invocations=54 (full 0):
 garbage-first heap   total 507904K, used 253483K [0x00000006e0000000, 0x0000000800000000)
  region size 4096K, 4 young (16384K), 4 survivors (16384K)
 Metaspace       used 114425K, committed 115776K, reserved 528384K
  class space    used 15557K, committed 16192K, reserved 421888K
}
Event: 182.769 GC heap before
{Heap before GC invocations=54 (full 0):
 garbage-first heap   total 507904K, used 380459K [0x00000006e0000000, 0x0000000800000000)
  region size 4096K, 36 young (147456K), 4 survivors (16384K)
 Metaspace       used 116547K, committed 117952K, reserved 528384K
  class space    used 15769K, committed 16448K, reserved 421888K
}
Event: 182.795 GC heap after
{Heap after GC invocations=55 (full 0):
 garbage-first heap   total 507904K, used 249109K [0x00000006e0000000, 0x0000000800000000)
  region size 4096K, 2 young (8192K), 2 survivors (8192K)
 Metaspace       used 116547K, committed 117952K, reserved 528384K
  class space    used 15769K, committed 16448K, reserved 421888K
}
Event: 189.288 GC heap before
{Heap before GC invocations=55 (full 0):
 garbage-first heap   total 507904K, used 392469K [0x00000006e0000000, 0x0000000800000000)
  region size 4096K, 37 young (151552K), 2 survivors (8192K)
 Metaspace       used 118031K, committed 119552K, reserved 528384K
  class space    used 15941K, committed 16640K, reserved 421888K
}
Event: 189.329 GC heap after
{Heap after GC invocations=56 (full 0):
 garbage-first heap   total 507904K, used 256900K [0x00000006e0000000, 0x0000000800000000)
  region size 4096K, 4 young (16384K), 4 survivors (16384K)
 Metaspace       used 118031K, committed 119552K, reserved 528384K
  class space    used 15941K, committed 16640K, reserved 421888K
}
Event: 194.199 GC heap before
{Heap before GC invocations=56 (full 0):
 garbage-first heap   total 507904K, used 408452K [0x00000006e0000000, 0x0000000800000000)
  region size 4096K, 39 young (159744K), 4 survivors (16384K)
 Metaspace       used 122147K, committed 123648K, reserved 536576K
  class space    used 16527K, committed 17216K, reserved 421888K
}
Event: 194.258 GC heap after
{Heap after GC invocations=57 (full 0):
 garbage-first heap   total 507904K, used 303050K [0x00000006e0000000, 0x0000000800000000)
  region size 4096K, 5 young (20480K), 5 survivors (20480K)
 Metaspace       used 122147K, committed 123648K, reserved 536576K
  class space    used 16527K, committed 17216K, reserved 421888K
}
Event: 197.290 GC heap before
{Heap before GC invocations=57 (full 0):
 garbage-first heap   total 507904K, used 397258K [0x00000006e0000000, 0x0000000800000000)
  region size 4096K, 28 young (114688K), 5 survivors (20480K)
 Metaspace       used 125279K, committed 126720K, reserved 536576K
  class space    used 17128K, committed 17792K, reserved 421888K
}
Event: 197.417 GC heap after
{Heap after GC invocations=58 (full 0):
 garbage-first heap   total 507904K, used 332434K [0x00000006e0000000, 0x0000000800000000)
  region size 4096K, 4 young (16384K), 4 survivors (16384K)
 Metaspace       used 125279K, committed 126720K, reserved 536576K
  class space    used 17128K, committed 17792K, reserved 421888K
}
Event: 199.823 GC heap before
{Heap before GC invocations=58 (full 0):
 garbage-first heap   total 507904K, used 402066K [0x00000006e0000000, 0x0000000800000000)
  region size 4096K, 21 young (86016K), 4 survivors (16384K)
 Metaspace       used 126239K, committed 127744K, reserved 536576K
  class space    used 17246K, committed 17920K, reserved 421888K
}
Event: 199.983 GC heap after
{Heap after GC invocations=59 (full 0):
 garbage-first heap   total 507904K, used 363854K [0x00000006e0000000, 0x0000000800000000)
  region size 4096K, 3 young (12288K), 3 survivors (12288K)
 Metaspace       used 126239K, committed 127744K, reserved 536576K
  class space    used 17246K, committed 17920K, reserved 421888K
}
Event: 200.667 GC heap before
{Heap before GC invocations=59 (full 0):
 garbage-first heap   total 507904K, used 404814K [0x00000006e0000000, 0x0000000800000000)
  region size 4096K, 14 young (57344K), 3 survivors (12288K)
 Metaspace       used 126831K, committed 128320K, reserved 536576K
  class space    used 17297K, committed 17984K, reserved 421888K
}

