# JRE version: Java(TM) SE Runtime Environment (17.0+35) (build 17+35-LTS-2724)
# Java VM: Java HotSpot(TM) 64-Bit Server VM (17+35-LTS-2724, mixed mode, sharing, tiered, compressed oops, compressed class ptrs, g1 gc, windows-amd64)
GC Precious Log:
 CPUs: 4 total, 4 available
 Memory: 8067M
 Large Page Support: Disabled
 NUMA Support: Disabled
 Compressed Oops: Enabled (Zero based)
 Heap Region Size: 4M
 Heap Min Capacity: 8M
 Heap Initial Capacity: 128M
 Heap Max Capacity: 4608M
 Pre-touch: Disabled
 Parallel Workers: 4
 Concurrent Workers: 1
 Concurrent Refinement Workers: 4
 Periodic GC: Disabled
Heap:
 garbage-first heap   total 827392K, used 422639K [0x00000006e0000000, 0x0000000800000000)
  region size 4096K, 3 young (12288K), 3 survivors (12288K)
 Metaspace       used 123399K, committed 124928K, reserved 536576K
  class space    used 17033K, committed 17792K, reserved 421888K
GC Heap History (20 events):
Event: 122.095 GC heap after
{Heap after GC invocations=55 (full 0):
 garbage-first heap   total 413696K, used 307200K [0x00000006e0000000, 0x0000000800000000)
  region size 4096K, 2 young (8192K), 2 survivors (8192K)
 Metaspace       used 115131K, committed 116416K, reserved 528384K
  class space    used 16136K, committed 16768K, reserved 421888K
}
Event: 122.666 GC heap before
{Heap before GC invocations=55 (full 0):
 garbage-first heap   total 413696K, used 335872K [0x00000006e0000000, 0x0000000800000000)
  region size 4096K, 9 young (36864K), 2 survivors (8192K)
 Metaspace       used 115462K, committed 116736K, reserved 528384K
  class space    used 16166K, committed 16768K, reserved 421888K
}
Event: 122.787 GC heap after
{Heap after GC invocations=56 (full 0):
 garbage-first heap   total 413696K, used 322680K [0x00000006e0000000, 0x0000000800000000)
  region size 4096K, 2 young (8192K), 2 survivors (8192K)
 Metaspace       used 115462K, committed 116736K, reserved 528384K
  class space    used 16166K, committed 16768K, reserved 421888K
}
Event: 123.410 GC heap before
{Heap before GC invocations=56 (full 0):
 garbage-first heap   total 413696K, used 343160K [0x00000006e0000000, 0x0000000800000000)
  region size 4096K, 7 young (28672K), 2 survivors (8192K)
 Metaspace       used 116005K, committed 117312K, reserved 528384K
  class space    used 16227K, committed 16832K, reserved 421888K
}
Event: 123.482 GC heap after
{Heap after GC invocations=57 (full 0):
 garbage-first heap   total 827392K, used 331776K [0x00000006e0000000, 0x0000000800000000)
  region size 4096K, 1 young (4096K), 1 survivors (4096K)
 Metaspace       used 116005K, committed 117312K, reserved 528384K
  class space    used 16227K, committed 16832K, reserved 421888K
}
Event: 130.468 GC heap before
{Heap before GC invocations=57 (full 0):
 garbage-first heap   total 827392K, used 458752K [0x00000006e0000000, 0x0000000800000000)
  region size 4096K, 32 young (131072K), 1 survivors (4096K)
 Metaspace       used 118641K, committed 120000K, reserved 528384K
  class space    used 16565K, committed 17216K, reserved 421888K
}
Event: 130.594 GC heap after
{Heap after GC invocations=58 (full 0):
 garbage-first heap   total 827392K, used 348160K [0x00000006e0000000, 0x0000000800000000)
  region size 4096K, 4 young (16384K), 4 survivors (16384K)
 Metaspace       used 118641K, committed 120000K, reserved 528384K
  class space    used 16565K, committed 17216K, reserved 421888K
}
Event: 132.770 GC heap before
{Heap before GC invocations=58 (full 0):
 garbage-first heap   total 827392K, used 405504K [0x00000006e0000000, 0x0000000800000000)
  region size 4096K, 19 young (77824K), 4 survivors (16384K)
 Metaspace       used 118724K, committed 120064K, reserved 528384K
  class space    used 16579K, committed 17216K, reserved 421888K
}
Event: 132.864 GC heap after
{Heap after GC invocations=59 (full 0):
 garbage-first heap   total 827392K, used 356276K [0x00000006e0000000, 0x0000000800000000)
  region size 4096K, 2 young (8192K), 2 survivors (8192K)
 Metaspace       used 118724K, committed 120064K, reserved 528384K
  class space    used 16579K, committed 17216K, reserved 421888K
}
Event: 135.008 GC heap before
{Heap before GC invocations=59 (full 0):
 garbage-first heap   total 827392K, used 384948K [0x00000006e0000000, 0x0000000800000000)
  region size 4096K, 10 young (40960K), 2 survivors (8192K)
 Metaspace       used 118729K, committed 120064K, reserved 528384K
  class space    used 16579K, committed 17216K, reserved 421888K
}
Event: 135.067 GC heap after
{Heap after GC invocations=60 (full 0):
 garbage-first heap   total 827392K, used 361390K [0x00000006e0000000, 0x0000000800000000)
  region size 4096K, 2 young (8192K), 2 survivors (8192K)
 Metaspace       used 118729K, committed 120064K, reserved 528384K
  class space    used 16579K, committed 17216K, reserved 421888K
}
Event: 138.667 GC heap before
{Heap before GC invocations=60 (full 0):
 garbage-first heap   total 827392K, used 512942K [0x00000006e0000000, 0x0000000800000000)
  region size 4096K, 37 young (151552K), 2 survivors (8192K)
 Metaspace       used 118945K, committed 120256K, reserved 528384K
  class space    used 16590K, committed 17216K, reserved 421888K
}
Event: 138.750 GC heap after
{Heap after GC invocations=61 (full 0):
 garbage-first heap   total 827392K, used 387637K [0x00000006e0000000, 0x0000000800000000)
  region size 4096K, 5 young (20480K), 5 survivors (20480K)
 Metaspace       used 118945K, committed 120256K, reserved 528384K
  class space    used 16590K, committed 17216K, reserved 421888K
}
Event: 147.540 GC heap before
{Heap before GC invocations=61 (full 0):
 garbage-first heap   total 827392K, used 567861K [0x00000006e0000000, 0x0000000800000000)
  region size 4096K, 46 young (188416K), 5 survivors (20480K)
 Metaspace       used 120366K, committed 121664K, reserved 528384K
  class space    used 16742K, committed 17344K, reserved 421888K
}
Event: 147.586 GC heap after
{Heap after GC invocations=62 (full 0):
 garbage-first heap   total 827392K, used 384961K [0x00000006e0000000, 0x0000000800000000)
  region size 4096K, 2 young (8192K), 2 survivors (8192K)
 Metaspace       used 120366K, committed 121664K, reserved 528384K
  class space    used 16742K, committed 17344K, reserved 421888K
}
Event: 2552.808 GC heap before
{Heap before GC invocations=62 (full 0):
 garbage-first heap   total 827392K, used 663489K [0x00000006e0000000, 0x0000000800000000)
  region size 4096K, 70 young (286720K), 2 survivors (8192K)
 Metaspace       used 122972K, committed 124416K, reserved 536576K
  class space    used 17009K, committed 17728K, reserved 421888K
}
Event: 2553.182 GC heap after
{Heap after GC invocations=63 (full 0):
 garbage-first heap   total 827392K, used 411918K [0x00000006e0000000, 0x0000000800000000)
  region size 4096K, 9 young (36864K), 9 survivors (36864K)
 Metaspace       used 122972K, committed 124416K, reserved 536576K
  class space    used 17009K, committed 17728K, reserved 421888K
}
Event: 2553.444 GC heap before
{Heap before GC invocations=63 (full 0):
 garbage-first heap   total 827392K, used 416014K [0x00000006e0000000, 0x0000000800000000)
  region size 4096K, 10 young (40960K), 9 survivors (36864K)
 Metaspace       used 122977K, committed 124416K, reserved 536576K
  class space    used 17009K, committed 17728K, reserved 421888K
}
Event: 2553.702 GC heap after
{Heap after GC invocations=64 (full 0):
 garbage-first heap   total 827392K, used 415363K [0x00000006e0000000, 0x0000000800000000)
  region size 4096K, 1 young (4096K), 1 survivors (4096K)
 Metaspace       used 122977K, committed 124416K, reserved 536576K
  class space    used 17009K, committed 17728K, reserved 421888K
}
Event: 2558.508 GC heap before
{Heap before GC invocations=64 (full 0):
 garbage-first heap   total 827392K, used 484995K [0x00000006e0000000, 0x0000000800000000)
  region size 4096K, 18 young (73728K), 1 survivors (4096K)
 Metaspace       used 123399K, committed 124928K, reserved 536576K
  class space    used 17033K, committed 17792K, reserved 421888K
}

