# JRE version: Java(TM) SE Runtime Environment (17.0+35) (build 17+35-LTS-2724)
# Java VM: Java HotSpot(TM) 64-Bit Server VM (17+35-LTS-2724, mixed mode, sharing, tiered, compressed oops, compressed class ptrs, g1 gc, windows-amd64)
GC Precious Log:
 CPUs: 4 total, 4 available
 Memory: 8067M
 Large Page Support: Disabled
 NUMA Support: Disabled
 Compressed Oops: Enabled (Zero based)
 Heap Region Size: 4M
 Heap Min Capacity: 8M
 Heap Initial Capacity: 128M
 Heap Max Capacity: 4608M
 Pre-touch: Disabled
 Parallel Workers: 4
 Concurrent Workers: 1
 Concurrent Refinement Workers: 4
 Periodic GC: Disabled
Heap:
 garbage-first heap   total 909312K, used 502152K [0x00000006e0000000, 0x0000000800000000)
  region size 4096K, 4 young (16384K), 4 survivors (16384K)
 Metaspace       used 152737K, committed 154240K, reserved 561152K
  class space    used 20551K, committed 21248K, reserved 421888K
GC Heap History (20 events):
Event: 278.197 GC heap after
{Heap after GC invocations=65 (full 0):
 garbage-first heap   total 421888K, used 317255K [0x00000006e0000000, 0x0000000800000000)
  region size 4096K, 2 young (8192K), 2 survivors (8192K)
 Metaspace       used 147517K, committed 148992K, reserved 552960K
  class space    used 19856K, committed 20544K, reserved 421888K
}
Event: 279.885 GC heap before
{Heap before GC invocations=65 (full 0):
 garbage-first heap   total 421888K, used 366407K [0x00000006e0000000, 0x0000000800000000)
  region size 4096K, 12 young (49152K), 2 survivors (8192K)
 Metaspace       used 150346K, committed 151808K, reserved 552960K
  class space    used 20275K, committed 20928K, reserved 421888K
}
Event: 279.948 GC heap after
{Heap after GC invocations=66 (full 0):
 garbage-first heap   total 507904K, used 314983K [0x00000006e0000000, 0x0000000800000000)
  region size 4096K, 1 young (4096K), 1 survivors (4096K)
 Metaspace       used 150346K, committed 151808K, reserved 552960K
  class space    used 20275K, committed 20928K, reserved 421888K
}
Event: 283.284 GC heap before
{Heap before GC invocations=66 (full 0):
 garbage-first heap   total 507904K, used 425575K [0x00000006e0000000, 0x0000000800000000)
  region size 4096K, 26 young (106496K), 1 survivors (4096K)
 Metaspace       used 151708K, committed 153216K, reserved 561152K
  class space    used 20486K, committed 21184K, reserved 421888K
}
Event: 283.350 GC heap after
{Heap after GC invocations=67 (full 0):
 garbage-first heap   total 507904K, used 368897K [0x00000006e0000000, 0x0000000800000000)
  region size 4096K, 4 young (16384K), 4 survivors (16384K)
 Metaspace       used 151708K, committed 153216K, reserved 561152K
  class space    used 20486K, committed 21184K, reserved 421888K
}
Event: 284.667 GC heap before
{Heap before GC invocations=67 (full 0):
 garbage-first heap   total 507904K, used 418049K [0x00000006e0000000, 0x0000000800000000)
  region size 4096K, 17 young (69632K), 4 survivors (16384K)
 Metaspace       used 152048K, committed 153536K, reserved 561152K
  class space    used 20510K, committed 21184K, reserved 421888K
}
Event: 284.754 GC heap after
{Heap after GC invocations=68 (full 0):
 garbage-first heap   total 507904K, used 388855K [0x00000006e0000000, 0x0000000800000000)
  region size 4096K, 3 young (12288K), 3 survivors (12288K)
 Metaspace       used 152048K, committed 153536K, reserved 561152K
  class space    used 20510K, committed 21184K, reserved 421888K
}
Event: 285.294 GC heap before
{Heap before GC invocations=68 (full 0):
 garbage-first heap   total 507904K, used 425719K [0x00000006e0000000, 0x0000000800000000)
  region size 4096K, 12 young (49152K), 3 survivors (12288K)
 Metaspace       used 152088K, committed 153536K, reserved 561152K
  class space    used 20511K, committed 21184K, reserved 421888K
}
Event: 285.421 GC heap after
{Heap after GC invocations=69 (full 0):
 garbage-first heap   total 507904K, used 408431K [0x00000006e0000000, 0x0000000800000000)
  region size 4096K, 2 young (8192K), 2 survivors (8192K)
 Metaspace       used 152088K, committed 153536K, reserved 561152K
  class space    used 20511K, committed 21184K, reserved 421888K
}
Event: 285.822 GC heap before
{Heap before GC invocations=69 (full 0):
 garbage-first heap   total 507904K, used 428911K [0x00000006e0000000, 0x0000000800000000)
  region size 4096K, 7 young (28672K), 2 survivors (8192K)
 Metaspace       used 152090K, committed 153536K, reserved 561152K
  class space    used 20511K, committed 21184K, reserved 421888K
}
Event: 285.918 GC heap after
{Heap after GC invocations=70 (full 0):
 garbage-first heap   total 909312K, used 420866K [0x00000006e0000000, 0x0000000800000000)
  region size 4096K, 1 young (4096K), 1 survivors (4096K)
 Metaspace       used 152090K, committed 153536K, reserved 561152K
  class space    used 20511K, committed 21184K, reserved 421888K
}
Event: 289.985 GC heap before
{Heap before GC invocations=70 (full 0):
 garbage-first heap   total 909312K, used 547842K [0x00000006e0000000, 0x0000000800000000)
  region size 4096K, 33 young (135168K), 1 survivors (4096K)
 Metaspace       used 152531K, committed 154048K, reserved 561152K
  class space    used 20545K, committed 21248K, reserved 421888K
}
Event: 290.156 GC heap after
{Heap after GC invocations=71 (full 0):
 garbage-first heap   total 909312K, used 459537K [0x00000006e0000000, 0x0000000800000000)
  region size 4096K, 5 young (20480K), 5 survivors (20480K)
 Metaspace       used 152531K, committed 154048K, reserved 561152K
  class space    used 20545K, committed 21248K, reserved 421888K
}
Event: 291.462 GC heap before
{Heap before GC invocations=71 (full 0):
 garbage-first heap   total 909312K, used 508689K [0x00000006e0000000, 0x0000000800000000)
  region size 4096K, 18 young (73728K), 5 survivors (20480K)
 Metaspace       used 152543K, committed 154048K, reserved 561152K
  class space    used 20545K, committed 21248K, reserved 421888K
}
Event: 291.542 GC heap after
{Heap after GC invocations=72 (full 0):
 garbage-first heap   total 909312K, used 467032K [0x00000006e0000000, 0x0000000800000000)
  region size 4096K, 2 young (8192K), 2 survivors (8192K)
 Metaspace       used 152543K, committed 154048K, reserved 561152K
  class space    used 20545K, committed 21248K, reserved 421888K
}
Event: 293.640 GC heap before
{Heap before GC invocations=72 (full 0):
 garbage-first heap   total 909312K, used 528472K [0x00000006e0000000, 0x0000000800000000)
  region size 4096K, 18 young (73728K), 2 survivors (8192K)
 Metaspace       used 152554K, committed 154048K, reserved 561152K
  class space    used 20545K, committed 21248K, reserved 421888K
}
Event: 293.698 GC heap after
{Heap after GC invocations=73 (full 0):
 garbage-first heap   total 909312K, used 474256K [0x00000006e0000000, 0x0000000800000000)
  region size 4096K, 3 young (12288K), 3 survivors (12288K)
 Metaspace       used 152554K, committed 154048K, reserved 561152K
  class space    used 20545K, committed 21248K, reserved 421888K
}
Event: 294.915 GC heap before
{Heap before GC invocations=73 (full 0):
 garbage-first heap   total 909312K, used 507024K [0x00000006e0000000, 0x0000000800000000)
  region size 4096K, 11 young (45056K), 3 survivors (12288K)
 Metaspace       used 152663K, committed 154176K, reserved 561152K
  class space    used 20551K, committed 21248K, reserved 421888K
}
Event: 294.979 GC heap after
{Heap after GC invocations=74 (full 0):
 garbage-first heap   total 909312K, used 481273K [0x00000006e0000000, 0x0000000800000000)
  region size 4096K, 2 young (8192K), 2 survivors (8192K)
 Metaspace       used 152663K, committed 154176K, reserved 561152K
  class space    used 20551K, committed 21248K, reserved 421888K
}
Event: 297.636 GC heap before
{Heap before GC invocations=74 (full 0):
 garbage-first heap   total 909312K, used 665593K [0x00000006e0000000, 0x0000000800000000)
  region size 4096K, 42 young (172032K), 2 survivors (8192K)
 Metaspace       used 152737K, committed 154240K, reserved 561152K
  class space    used 20551K, committed 21248K, reserved 421888K
}

